<?xml version="1.0" encoding="UTF-8"?>
<!-- Generated by org.testng.reporters.JUnitXMLReporter -->
<testsuite ignored="0" hostname="DESKTOP-87FF9DH" failures="2" tests="2" name="Surefire test" time="0.729" errors="0" timestamp="2020-08-08T13:20:12 NZST">
  <testcase classname="io.cucumber.testng.AbstractTestNGCucumberTests" name="runScenario" time="0.175">
    <failure type="java.lang.NullPointerException">
      <![CDATA[java.lang.NullPointerException
at steps.Hook.InitializeTest(Hook.java:36)
]]>
    </failure>
  </testcase> <!-- runScenario -->
  <testcase classname="io.cucumber.testng.AbstractTestNGCucumberTests" name="runScenario" time="0.006">
    <failure type="java.lang.NullPointerException">
      <![CDATA[java.lang.NullPointerException
at steps.Hook.InitializeTest(Hook.java:36)
]]>
    </failure>
  </testcase> <!-- runScenario -->
</testsuite> <!-- Surefire test -->
